<?xml version="1.0" encoding="UTF-8" standalone="no"?>
<testsuites name="MiniTestFramework Tests">
    <testsuite failures="1" name="root" skipped="0" tests="3" time="4.963" timestamp="2023-08-19T14:50:14.943507100Z">
        <testcase classname="test.test3" name="test.test3" time="0.115"/>
        <testcase classname="test.test2" name="test.test2" time="3.944"/>
        <testcase classname="test.test" name="test.test" time="5.002">
            <failure message="Expected pig at 17,70,-42 (relative: 1,2,3) (t=101)"/>
        </testcase>
    </testsuite>
</testsuites>
